<?xml version="1.0" encoding="UTF-8"?>
<testng-results skipped="0" failed="0" total="1" passed="1">
  <reporter-output>
  </reporter-output>
  <suite name="Default suite" duration-ms="9354" started-at="2020-10-19T20:30:21Z" finished-at="2020-10-19T20:30:30Z">
    <groups>
    </groups>
    <test name="Default test" duration-ms="9354" started-at="2020-10-19T20:30:21Z" finished-at="2020-10-19T20:30:30Z">
      <class name="testcases.LoginPageTest">
        <test-method status="PASS" signature="LoginTest()[pri:0, instance:testcases.LoginPageTest@61d47554]" name="LoginTest" duration-ms="9338" started-at="2020-10-19T16:30:21Z" finished-at="2020-10-19T16:30:30Z">
          <reporter-output>
          </reporter-output>
        </test-method> <!-- LoginTest -->
      </class> <!-- testcases.LoginPageTest -->
    </test> <!-- Default test -->
  </suite> <!-- Default suite -->
</testng-results>
